<?xml version="1.0" encoding="UTF-8"?>
<testsuite name="dev.scathiard.feedmepackages.compat.fxntstorage.CacheBorrowTest" tests="8" skipped="0" failures="0" errors="0" timestamp="2026-09-17T11:08:17" hostname="BASELINE" time="0.007">
  <properties/>
  <testcase name="aHandBackDebitsExactlyWhatWasTakenFromThatCell()" classname="dev.scathiard.feedmepackages.compat.fxntstorage.CacheBorrowTest" time="0.001"/>
  <testcase name="bothSidesComputeTheSameBorrowSetFromTheSameInput()" classname="dev.scathiard.feedmepackages.compat.fxntstorage.CacheBorrowTest" time="0.001"/>
  <testcase name="onlyCellsTheRecipeAcceptsAreBorrowed()" classname="dev.scathiard.feedmepackages.compat.fxntstorage.CacheBorrowTest" time="0.0"/>
  <testcase name="anExtractKeepsTheLendingForTheRest()" classname="dev.scathiard.feedmepackages.compat.fxntstorage.CacheBorrowTest" time="0.0"/>
  <testcase name="aSupplyShortageExposesFewerSlots()" classname="dev.scathiard.feedmepackages.compat.fxntstorage.CacheBorrowTest" time="0.0"/>
  <testcase name="aReservedAmountIsNeverLentSoBothSidesShareOneCeiling()" classname="dev.scathiard.feedmepackages.compat.fxntstorage.CacheBorrowTest" time="0.0"/>
  <testcase name="weNeverPresentMoreThanTheCacheCanGiveOrTheItemCanStack()" classname="dev.scathiard.feedmepackages.compat.fxntstorage.CacheBorrowTest" time="0.0"/>
  <testcase name="nothingIsBorrowedWithoutMaterials()" classname="dev.scathiard.feedmepackages.compat.fxntstorage.CacheBorrowTest" time="0.001"/>
  <system-out><![CDATA[]]></system-out>
  <system-err><![CDATA[]]></system-err>
</testsuite>
