<?xml version="1.0" encoding="UTF-8"?>
<testsuite name="dev.scathiard.feedmepackages.compat.jei.JeiIntegrationIsApiOnlyTest" tests="6" skipped="0" failures="0" errors="0" timestamp="2026-09-17T10:02:56" hostname="BASELINE" time="0.009">
  <properties/>
  <testcase name="theModCarriesOnlyItsOwnMixinConfigs()" classname="dev.scathiard.feedmepackages.compat.jei.JeiIntegrationIsApiOnlyTest" time="0.001"/>
  <testcase name="ourOwnMixinConfigNeverTargetsJei()" classname="dev.scathiard.feedmepackages.compat.jei.JeiIntegrationIsApiOnlyTest" time="0.001"/>
  <testcase name="theSentencesWrittenForJeiAreGone()" classname="dev.scathiard.feedmepackages.compat.jei.JeiIntegrationIsApiOnlyTest" time="0.002"/>
  <testcase name="theCreateStorageCompatIsSoftAndNeverTouchesJei()" classname="dev.scathiard.feedmepackages.compat.jei.JeiIntegrationIsApiOnlyTest" time="0.003"/>
  <testcase name="thePluginRegistersNoRecipeTransferHandlerAndNeverTalksToJeiTransferApi()" classname="dev.scathiard.feedmepackages.compat.jei.JeiIntegrationIsApiOnlyTest" time="0.001"/>
  <testcase name="neitherTheTakeoverNorTheJeiHelperLayerShips()" classname="dev.scathiard.feedmepackages.compat.jei.JeiIntegrationIsApiOnlyTest" time="0.001"/>
  <system-out><![CDATA[]]></system-out>
  <system-err><![CDATA[]]></system-err>
</testsuite>
