<?xml version="1.0" encoding="UTF-8"?>
<testsuite name="dev.scathiard.feedmepackages.compat.jei.ProvablyUnsolvableTest" tests="2" skipped="0" failures="0" errors="0" timestamp="2026-09-16T18:13:30" hostname="BASELINE" time="0.002">
  <properties/>
  <testcase name="onlyAnEmptyCacheViewWithAnAgreeingMissIsProvable()" classname="dev.scathiard.feedmepackages.compat.jei.ProvablyUnsolvableTest" time="0.002"/>
  <testcase name="everyOtherCombinationIsReleased()" classname="dev.scathiard.feedmepackages.compat.jei.ProvablyUnsolvableTest" time="0.0"/>
  <system-out><![CDATA[]]></system-out>
  <system-err><![CDATA[]]></system-err>
</testsuite>
