<?xml version="1.0" encoding="UTF-8"?>
<testsuite name="dev.scathiard.feedmepackages.compat.jei.PreviewPolicyTest" tests="6" skipped="0" failures="0" errors="0" timestamp="2026-09-16T19:29:03" hostname="BASELINE" time="0.007">
  <properties/>
  <testcase name="anEstimateWeNeverGotIsReleased()" classname="dev.scathiard.feedmepackages.compat.jei.PreviewPolicyTest" time="0.002"/>
  <testcase name="whatWeCanProveHereAndNowRefuses()" classname="dev.scathiard.feedmepackages.compat.jei.PreviewPolicyTest" time="0.001"/>
  <testcase name="theWholeTableMatchesTheRule()" classname="dev.scathiard.feedmepackages.compat.jei.PreviewPolicyTest" time="0.003"/>
  <testcase name="aNamedMissRefusesSoTheButtonNeverLies()" classname="dev.scathiard.feedmepackages.compat.jei.PreviewPolicyTest" time="0.001"/>
  <testcase name="aMissWeCannotNameIsReleased()" classname="dev.scathiard.feedmepackages.compat.jei.PreviewPolicyTest" time="0.0"/>
  <testcase name="aSuccessfulNativeOrClientEstimateIsReleased()" classname="dev.scathiard.feedmepackages.compat.jei.PreviewPolicyTest" time="0.0"/>
  <system-out><![CDATA[]]></system-out>
  <system-err><![CDATA[]]></system-err>
</testsuite>
