<?xml version="1.0" encoding="UTF-8"?>
<testsuite name="dev.scathiard.feedmepackages.client.PanelLayoutTest" tests="8" skipped="0" failures="0" errors="0" timestamp="2026-09-16T19:29:03" hostname="BASELINE" time="0.086">
  <properties/>
  <testcase name="sliderStaysCenteredBelowItsCellAcrossRowsColumnsAndScrolling()" classname="dev.scathiard.feedmepackages.client.PanelLayoutTest" time="0.009"/>
  <testcase name="expandedSliderAndRecipeBookUseSeparateSpace()" classname="dev.scathiard.feedmepackages.client.PanelLayoutTest" time="0.001"/>
  <testcase name="sliderEndpointValuesMapToThePaintedTrackPixels()" classname="dev.scathiard.feedmepackages.client.PanelLayoutTest" time="0.001"/>
  <testcase name="bottomRowPopupTakesInputBeforeTheReturnAddress()" classname="dev.scathiard.feedmepackages.client.PanelLayoutTest" time="0.001"/>
  <testcase name="slotSourceRetainsTheCompleteOpaqueCellEvenWithoutPanelReferenceArea()" classname="dev.scathiard.feedmepackages.client.PanelLayoutTest" time="0.06"/>
  <testcase name="visibleSliderArtworkIsCenteredAndStartsJustBelowTheCell()" classname="dev.scathiard.feedmepackages.client.PanelLayoutTest" time="0.0"/>
  <testcase name="sliderMidpointPixelMapsToMidpointValue()" classname="dev.scathiard.feedmepackages.client.PanelLayoutTest" time="0.0"/>
  <testcase name="everyUnlockedCellCanBeReachedWithoutShrinkingOrOverlap()" classname="dev.scathiard.feedmepackages.client.PanelLayoutTest" time="0.011"/>
  <system-out><![CDATA[]]></system-out>
  <system-err><![CDATA[]]></system-err>
</testsuite>
