<?xml version="1.0" encoding="UTF-8"?>
<testsuite name="dev.scathiard.feedmepackages.client.ClientNoticeTest" tests="4" skipped="0" failures="0" errors="0" timestamp="2026-09-16T18:13:30" hostname="BASELINE" time="0.016">
  <properties/>
  <testcase name="nothingToNameAddsNothing()" classname="dev.scathiard.feedmepackages.client.ClientNoticeTest" time="0.009"/>
  <testcase name="theDetailAndEntrySentencesLiveInOurNamespace()" classname="dev.scathiard.feedmepackages.client.ClientNoticeTest" time="0.001"/>
  <testcase name="entriesAreNamedWithTheCountAndStayReadable()" classname="dev.scathiard.feedmepackages.client.ClientNoticeTest" time="0.003"/>
  <testcase name="aFailureIsNeverSilentAndAlwaysUsesOurOwnSentence()" classname="dev.scathiard.feedmepackages.client.ClientNoticeTest" time="0.001"/>
  <system-out><![CDATA[]]></system-out>
  <system-err><![CDATA[]]></system-err>
</testsuite>
