<?xml version="1.0" encoding="UTF-8"?>
<testsuite name="dev.scathiard.feedmepackages.compat.fxntstorage.CacheBorrowTest" tests="6" skipped="0" failures="0" errors="0" timestamp="2026-09-16T21:15:28" hostname="BASELINE" time="0.006">
  <properties/>
  <testcase name="aSupplyShortageExposesFewerSlotsInsteadOfInventingMaterial()" classname="dev.scathiard.feedmepackages.compat.fxntstorage.CacheBorrowTest" time="0.002"/>
  <testcase name="onlyTheOfferedEmptySlotsAreLent()" classname="dev.scathiard.feedmepackages.compat.fxntstorage.CacheBorrowTest" time="0.0"/>
  <testcase name="theirOwnStackReturningEndsTheLending()" classname="dev.scathiard.feedmepackages.compat.fxntstorage.CacheBorrowTest" time="0.0"/>
  <testcase name="aHandBackDebitsExactlyWhatWasTaken()" classname="dev.scathiard.feedmepackages.compat.fxntstorage.CacheBorrowTest" time="0.0"/>
  <testcase name="aHandBackCanMeanNothingTaken()" classname="dev.scathiard.feedmepackages.compat.fxntstorage.CacheBorrowTest" time="0.0"/>
  <testcase name="weNeverPresentMoreThanTheCacheCanGiveOrTheItemCanStack()" classname="dev.scathiard.feedmepackages.compat.fxntstorage.CacheBorrowTest" time="0.001"/>
  <system-out><![CDATA[]]></system-out>
  <system-err><![CDATA[]]></system-err>
</testsuite>
