<?xml version="1.0" encoding="UTF-8"?>
<testsuite name="dev.scathiard.feedmepackages.compat.fxntstorage.SideSelectTest" tests="5" skipped="0" failures="0" errors="0" timestamp="2026-09-17T10:02:56" hostname="BASELINE" time="0.008">
  <properties/>
  <testcase name="singlePlayerServerThreadUsesTheServerCacheEvenThoughDistIsClient()" classname="dev.scathiard.feedmepackages.compat.fxntstorage.SideSelectTest" time="0.002"/>
  <testcase name="aHandlerOfOursIsNeverServedFromTheClientViewWhenTheServerThreadOwnsTheCall()" classname="dev.scathiard.feedmepackages.compat.fxntstorage.SideSelectTest" time="0.001"/>
  <testcase name="dedicatedServerUsesTheServerCache()" classname="dev.scathiard.feedmepackages.compat.fxntstorage.SideSelectTest" time="0.0"/>
  <testcase name="theWholeTable()" classname="dev.scathiard.feedmepackages.compat.fxntstorage.SideSelectTest" time="0.003"/>
  <testcase name="clientThreadOrUnknownOwnerFallsBackToTheView()" classname="dev.scathiard.feedmepackages.compat.fxntstorage.SideSelectTest" time="0.001"/>
  <system-out><![CDATA[]]></system-out>
  <system-err><![CDATA[]]></system-err>
</testsuite>
