<?xml version="1.0" encoding="UTF-8"?>
<testsuite name="dev.scathiard.feedmepackages.client.PanelLayoutTest" tests="8" skipped="0" failures="0" errors="0" timestamp="2026-09-16T14:17:45" hostname="BASELINE" time="0.071">
  <properties/>
  <testcase name="sliderStaysCenteredBelowItsCellAcrossRowsColumnsAndScrolling()" classname="dev.scathiard.feedmepackages.client.PanelLayoutTest" time="0.024"/>
  <testcase name="expandedSliderAndRecipeBookUseSeparateSpace()" classname="dev.scathiard.feedmepackages.client.PanelLayoutTest" time="0.002"/>
  <testcase name="sliderEndpointValuesMapToThePaintedTrackPixels()" classname="dev.scathiard.feedmepackages.client.PanelLayoutTest" time="0.001"/>
  <testcase name="bottomRowPopupTakesInputBeforeTheReturnAddress()" classname="dev.scathiard.feedmepackages.client.PanelLayoutTest" time="0.0"/>
  <testcase name="slotSourceRetainsTheCompleteOpaqueCellEvenWithoutPanelReferenceArea()" classname="dev.scathiard.feedmepackages.client.PanelLayoutTest" time="0.03"/>
  <testcase name="visibleSliderArtworkIsCenteredAndStartsJustBelowTheCell()" classname="dev.scathiard.feedmepackages.client.PanelLayoutTest" time="0.001"/>
  <testcase name="sliderMidpointPixelMapsToMidpointValue()" classname="dev.scathiard.feedmepackages.client.PanelLayoutTest" time="0.0"/>
  <testcase name="everyUnlockedCellCanBeReachedWithoutShrinkingOrOverlap()" classname="dev.scathiard.feedmepackages.client.PanelLayoutTest" time="0.008"/>
  <system-out><![CDATA[]]></system-out>
  <system-err><![CDATA[]]></system-err>
</testsuite>
